[2026-03-25T16:15:28.445Z] Iniciando servidor...
[2026-03-25T16:16:04.843Z] Iniciando servidor...
[2026-03-25T16:21:26.492Z] Iniciando servidor...
[2026-03-25T16:27:22.177Z] Iniciando servidor...
[2026-03-25T16:34:46.148Z] Iniciando servidor...
[2026-03-25T16:37:31.491Z] Iniciando servidor...
[2026-03-25T16:40:54.186Z] Iniciando servidor...
[2026-03-25T16:44:19.994Z] Iniciando servidor...
[2026-03-25T16:44:31.344Z] GET /admin-frontend/dist/index.html
[2026-03-25T16:44:31.361Z] GET /admin-frontend/dist/assets/index-DKVHgIF2.js
[2026-03-25T16:44:31.362Z] GET /admin-frontend/dist/assets/index-J2bwqA3h.css
[2026-03-25T16:44:31.366Z] GET /admin-frontend/dist/favicon.svg
[2026-03-25T16:44:37.493Z] GET /admin-frontend/dist/index.html
[2026-03-25T16:44:37.502Z] GET /admin-frontend/dist/assets/index-DKVHgIF2.js
[2026-03-25T16:44:37.503Z] GET /admin-frontend/dist/assets/index-J2bwqA3h.css
[2026-03-25T16:44:37.508Z] GET /admin-frontend/dist/favicon.svg
[2026-03-25T16:44:38.044Z] GET /admin-frontend/dist/index.html
[2026-03-25T16:44:38.053Z] GET /admin-frontend/dist/assets/index-DKVHgIF2.js
[2026-03-25T16:44:38.054Z] GET /admin-frontend/dist/assets/index-J2bwqA3h.css
[2026-03-25T16:44:38.058Z] GET /admin-frontend/dist/favicon.svg
[2026-03-25T16:44:42.816Z] GET /
[2026-03-25T16:44:42.829Z] GET /assets/index-DKVHgIF2.js
[2026-03-25T16:44:42.829Z] GET /assets/index-J2bwqA3h.css
[2026-03-25T16:44:52.283Z] POST /api/auth/login
[2026-03-25T16:44:52.367Z] GET /api/pacientes
[2026-03-25T16:44:52.367Z] GET /api/financeiro
[2026-03-25T16:44:53.561Z] GET /api/pacientes?search=&status=ativo
[2026-03-25T16:44:54.713Z] GET /api/pacientes/1
[2026-03-25T16:44:54.714Z] GET /api/pacientes/1
[2026-03-25T16:45:06.186Z] PUT /api/pacientes/1
[2026-03-25T16:45:06.191Z] GET /api/pacientes?search=&status=ativo
[2026-03-25T16:45:09.420Z] GET /api/pacientes/1
[2026-03-25T16:45:09.421Z] GET /api/pacientes/1
[2026-03-25T16:45:09.422Z] GET /api/anamneses/1
[2026-03-25T16:45:09.423Z] GET /api/documentos/1
[2026-03-25T16:45:14.940Z] POST /api/documentos/upload
[2026-03-25T16:45:14.965Z] GET /api/pacientes/1
[2026-03-25T16:45:14.965Z] GET /api/anamneses/1
[2026-03-25T16:45:14.965Z] GET /api/pacientes/1
[2026-03-25T16:45:14.966Z] GET /api/documentos/1
[2026-03-25T16:45:42.201Z] POST /api/anamneses
[2026-03-25T16:45:42.213Z] GET /api/pacientes/1
[2026-03-25T16:45:42.213Z] GET /api/anamneses/1
[2026-03-25T16:45:42.215Z] GET /api/pacientes/1
[2026-03-25T16:45:42.218Z] GET /api/documentos/1
[2026-03-25T16:53:34.808Z] GET /login
[2026-03-25T16:53:34.822Z] GET /assets/index-BEXRRWlo.css
[2026-03-25T16:53:34.822Z] GET /assets/index-DiF6K0WV.js
[2026-03-25T16:53:34.897Z] GET /favicon.svg
[2026-03-25T16:53:34.908Z] GET /favicon.svg
[2026-03-25T16:53:34.933Z] GET /api/pacientes
[2026-03-25T16:53:34.934Z] GET /api/financeiro
[2026-03-25T16:53:41.201Z] GET /api/pacientes?search=&status=ativo
[2026-03-25T16:53:46.221Z] GET /api/pacientes/1
[2026-03-25T16:53:46.222Z] GET /api/anamneses/1
[2026-03-25T16:53:46.222Z] GET /api/pacientes/1
[2026-03-25T16:53:46.223Z] GET /api/documentos/1
[2026-03-25T16:54:31.659Z] GET /login
[2026-03-25T16:54:31.673Z] GET /assets/index-BEXRRWlo.css
[2026-03-25T16:54:31.673Z] GET /assets/index-DiF6K0WV.js
[2026-03-25T16:54:31.692Z] GET /api/pacientes
[2026-03-25T16:54:31.692Z] GET /api/financeiro
[2026-03-25T16:54:37.156Z] GET /api/pacientes?search=&status=ativo
[2026-03-25T16:54:42.282Z] GET /api/pacientes/1
[2026-03-25T16:54:42.283Z] GET /api/pacientes/1
[2026-03-25T16:54:42.283Z] GET /api/anamneses/1
[2026-03-25T16:54:42.284Z] GET /api/documentos/1
[2026-03-25T16:55:01.979Z] GET /
[2026-03-25T16:55:01.992Z] GET /assets/index-BEXRRWlo.css
[2026-03-25T16:55:01.992Z] GET /assets/index-DiF6K0WV.js
[2026-03-25T16:55:02.006Z] GET /api/pacientes
[2026-03-25T16:55:02.006Z] GET /api/financeiro
[2026-03-25T16:55:09.241Z] GET /api/pacientes?search=&status=ativo
[2026-03-25T16:55:18.215Z] GET /api/pacientes/1
[2026-03-25T16:55:18.216Z] GET /api/anamneses/1
[2026-03-25T16:55:18.216Z] GET /api/pacientes/1
[2026-03-25T16:55:18.217Z] GET /api/documentos/1
[2026-03-25T16:55:46.902Z] GET /login
[2026-03-25T16:55:46.918Z] GET /assets/index-BEXRRWlo.css
[2026-03-25T16:55:46.918Z] GET /assets/index-DiF6K0WV.js
[2026-03-25T16:55:46.934Z] GET /api/pacientes
[2026-03-25T16:55:46.934Z] GET /api/financeiro
[2026-03-25T16:55:52.353Z] GET /api/pacientes?search=&status=ativo
[2026-03-25T16:56:05.782Z] GET /api/pacientes/1
[2026-03-25T16:56:05.782Z] GET /api/pacientes/1
[2026-03-25T16:56:05.783Z] GET /api/anamneses/1
[2026-03-25T16:56:05.784Z] GET /api/documentos/1
[2026-03-25T16:56:30.075Z] GET /login
[2026-03-25T16:56:30.091Z] GET /assets/index-BEXRRWlo.css
[2026-03-25T16:56:30.091Z] GET /assets/index-DiF6K0WV.js
[2026-03-25T16:56:30.104Z] GET /api/pacientes
[2026-03-25T16:56:30.105Z] GET /api/financeiro
[2026-03-25T16:56:35.602Z] GET /api/pacientes?search=&status=ativo
[2026-03-25T16:56:41.831Z] GET /api/pacientes/1
[2026-03-25T16:56:41.832Z] GET /api/anamneses/1
[2026-03-25T16:56:41.833Z] GET /api/pacientes/1
[2026-03-25T16:56:41.834Z] GET /api/documentos/1
[2026-03-25T16:58:54.701Z] GET /
[2026-03-25T16:58:54.714Z] GET /assets/index-BEXRRWlo.css
[2026-03-25T16:58:54.715Z] GET /assets/index-DiF6K0WV.js
[2026-03-25T16:58:54.729Z] GET /api/pacientes
[2026-03-25T16:58:54.730Z] GET /api/financeiro
[2026-03-25T16:59:05.646Z] GET /api/pacientes?search=&status=ativo
[2026-03-25T16:59:10.545Z] GET /api/pacientes/1
[2026-03-25T16:59:10.546Z] GET /api/pacientes/1
[2026-03-25T16:59:10.547Z] GET /api/anamneses/1
[2026-03-25T16:59:10.547Z] GET /api/documentos/1
[2026-03-25T16:59:56.393Z] GET /
[2026-03-25T16:59:56.404Z] GET /assets/index-BEXRRWlo.css
[2026-03-25T16:59:56.405Z] GET /assets/index-DiF6K0WV.js
[2026-03-25T16:59:56.419Z] GET /api/pacientes
[2026-03-25T16:59:56.420Z] GET /api/financeiro
[2026-03-25T17:00:06.981Z] GET /api/pacientes?search=&status=ativo
[2026-03-25T17:00:12.528Z] GET /api/pacientes/1
[2026-03-25T17:00:12.529Z] GET /api/anamneses/1
[2026-03-25T17:00:12.529Z] GET /api/pacientes/1
[2026-03-25T17:00:12.530Z] GET /api/documentos/1
[2026-03-25T17:01:00.074Z] GET /
[2026-03-25T17:01:00.085Z] GET /assets/index-DiF6K0WV.js
[2026-03-25T17:01:00.086Z] GET /assets/index-BEXRRWlo.css
[2026-03-25T17:01:00.097Z] GET /api/pacientes
[2026-03-25T17:01:00.098Z] GET /api/financeiro
[2026-03-25T17:01:04.528Z] GET /api/pacientes/1
[2026-03-25T17:01:04.528Z] GET /api/anamneses/1
[2026-03-25T17:01:04.529Z] GET /api/pacientes/1
[2026-03-25T17:01:04.530Z] GET /api/documentos/1
[2026-03-25T17:01:37.984Z] GET /
[2026-03-25T17:01:37.994Z] GET /assets/index-DiF6K0WV.js
[2026-03-25T17:01:37.995Z] GET /assets/index-BEXRRWlo.css
[2026-03-25T17:01:38.007Z] GET /api/pacientes
[2026-03-25T17:01:38.007Z] GET /api/financeiro
[2026-03-25T17:01:44.093Z] GET /api/pacientes?search=&status=ativo
[2026-03-25T17:01:46.609Z] GET /api/pacientes/1
[2026-03-25T17:01:46.610Z] GET /api/anamneses/1
[2026-03-25T17:01:46.610Z] GET /api/pacientes/1
[2026-03-25T17:01:46.611Z] GET /api/documentos/1
[2026-03-25T17:02:13.068Z] GET /
[2026-03-25T17:02:13.086Z] GET /assets/index-BEXRRWlo.css
[2026-03-25T17:02:13.086Z] GET /assets/index-DiF6K0WV.js
[2026-03-25T17:02:13.100Z] GET /api/pacientes
[2026-03-25T17:02:13.101Z] GET /api/financeiro
[2026-03-25T17:02:27.792Z] GET /api/pacientes?search=&status=ativo
[2026-03-25T17:02:30.325Z] GET /api/anamneses/1
[2026-03-25T17:02:30.325Z] GET /api/pacientes/1
[2026-03-25T17:02:30.326Z] GET /api/documentos/1
[2026-03-25T17:02:30.327Z] GET /api/pacientes/1
[2026-03-25T17:07:32.204Z] GET /
[2026-03-25T17:07:32.216Z] GET /assets/index-n3_5NJqi.js
[2026-03-25T17:07:32.217Z] GET /assets/index-BEXRRWlo.css
[2026-03-25T17:07:32.264Z] GET /api/pacientes
[2026-03-25T17:07:32.265Z] GET /api/financeiro
[2026-03-25T17:07:46.008Z] GET /api/pacientes?search=&status=ativo
[2026-03-25T17:07:51.323Z] GET /api/pacientes/1
[2026-03-25T17:07:51.323Z] GET /api/anamneses/1
[2026-03-25T17:07:51.324Z] GET /api/documentos/1
[2026-03-25T17:07:51.324Z] GET /api/pacientes/1
[2026-03-25T17:08:34.903Z] GET /
[2026-03-25T17:08:34.915Z] GET /assets/index-BEXRRWlo.css
[2026-03-25T17:08:34.916Z] GET /assets/index-n3_5NJqi.js
[2026-03-25T17:08:34.940Z] GET /api/pacientes
[2026-03-25T17:08:34.941Z] GET /api/financeiro
[2026-03-25T17:08:40.411Z] GET /api/pacientes?search=&status=ativo
[2026-03-25T17:08:49.255Z] GET /api/pacientes/1
[2026-03-25T17:08:49.255Z] GET /api/anamneses/1
[2026-03-25T17:08:49.256Z] GET /api/pacientes/1
[2026-03-25T17:08:49.257Z] GET /api/documentos/1
[2026-03-25T17:09:19.100Z] GET /
[2026-03-25T17:09:19.111Z] GET /assets/index-BEXRRWlo.css
[2026-03-25T17:09:19.112Z] GET /assets/index-n3_5NJqi.js
[2026-03-25T17:09:19.131Z] GET /api/pacientes
[2026-03-25T17:09:19.131Z] GET /api/financeiro
[2026-03-25T17:09:31.010Z] GET /api/pacientes?search=&status=ativo
[2026-03-25T17:09:36.552Z] GET /api/pacientes/1
[2026-03-25T17:09:36.554Z] GET /api/pacientes/1
[2026-03-25T17:09:36.555Z] GET /api/anamneses/1
[2026-03-25T17:09:36.555Z] GET /api/documentos/1
[2026-03-25T17:10:03.268Z] GET /
[2026-03-25T17:10:03.279Z] GET /assets/index-BEXRRWlo.css
[2026-03-25T17:10:03.280Z] GET /assets/index-n3_5NJqi.js
[2026-03-25T17:10:03.304Z] GET /api/pacientes
[2026-03-25T17:10:03.304Z] GET /api/financeiro
[2026-03-25T17:10:14.827Z] GET /api/pacientes?search=&status=ativo
[2026-03-25T17:10:37.585Z] GET /api/pacientes/1
[2026-03-25T17:10:37.586Z] GET /api/anamneses/1
[2026-03-25T17:10:37.587Z] GET /api/documentos/1
[2026-03-25T17:10:37.587Z] GET /api/pacientes/1
[2026-03-25T17:11:16.831Z] GET /
[2026-03-25T17:11:16.843Z] GET /assets/index-BEXRRWlo.css
[2026-03-25T17:11:16.843Z] GET /assets/index-n3_5NJqi.js
[2026-03-25T17:11:16.864Z] GET /api/pacientes
[2026-03-25T17:11:16.865Z] GET /api/financeiro
[2026-03-25T17:11:22.638Z] GET /api/pacientes?search=&status=ativo
[2026-03-25T17:11:27.984Z] GET /api/pacientes/1
[2026-03-25T17:11:27.985Z] GET /api/pacientes/1
[2026-03-25T17:11:27.986Z] GET /api/anamneses/1
[2026-03-25T17:11:27.986Z] GET /api/documentos/1
[2026-03-25T17:26:33.292Z] GET /
[2026-03-25T17:26:33.304Z] GET /assets/index-DRH5sgCG.js
[2026-03-25T17:26:33.305Z] GET /assets/index-BEXRRWlo.css
[2026-03-25T17:26:33.331Z] GET /api/pacientes/1
[2026-03-25T17:26:33.331Z] GET /api/pacientes/1
[2026-03-25T17:26:33.332Z] GET /api/anamneses/1
[2026-03-25T17:26:33.332Z] GET /api/documentos/1
[2026-03-25T17:26:40.608Z] POST /api/anamneses
[2026-03-25T17:26:40.618Z] GET /api/pacientes/1
[2026-03-25T17:26:40.619Z] GET /api/pacientes/1
[2026-03-25T17:26:40.620Z] GET /api/anamneses/1
[2026-03-25T17:26:40.620Z] GET /api/documentos/1
[2026-03-25T17:26:41.093Z] GET /
[2026-03-25T17:26:41.106Z] GET /assets/index-DRH5sgCG.js
[2026-03-25T17:26:41.108Z] GET /assets/index-BEXRRWlo.css
[2026-03-25T17:26:41.173Z] GET /api/pacientes
[2026-03-25T17:26:41.175Z] GET /api/financeiro
[2026-03-25T17:26:46.972Z] GET /api/pacientes?search=&status=ativo
[2026-03-25T17:26:53.795Z] GET /api/pacientes/1
[2026-03-25T17:26:53.795Z] GET /api/anamneses/1
[2026-03-25T17:26:53.795Z] GET /api/documentos/1
[2026-03-25T17:26:53.796Z] GET /api/pacientes/1
[2026-03-25T17:27:40.204Z] GET /uploads/1774457114943-ebook_8aa51563-498d-49eb-b9aa-2a626b831180.pdf
[2026-03-25T17:27:48.236Z] POST /api/documentos/upload
[2026-03-25T17:27:48.255Z] GET /api/anamneses/1
[2026-03-25T17:27:48.258Z] GET /api/pacientes/1
[2026-03-25T17:27:48.260Z] GET /api/pacientes/1
[2026-03-25T17:27:48.261Z] GET /api/documentos/1
[2026-03-25T17:27:51.072Z] GET /uploads/1774459668240-logo.png
[2026-03-25T17:27:56.007Z] DELETE /api/documentos/2
[2026-03-25T17:27:56.018Z] GET /api/pacientes/1
[2026-03-25T17:27:56.022Z] GET /api/pacientes/1
[2026-03-25T17:27:56.023Z] GET /api/anamneses/1
[2026-03-25T17:27:56.023Z] GET /api/documentos/1
[2026-03-25T17:27:57.943Z] DELETE /api/documentos/1
[2026-03-25T17:27:57.953Z] GET /api/pacientes/1
[2026-03-25T17:27:57.955Z] GET /api/anamneses/1
[2026-03-25T17:27:57.956Z] GET /api/documentos/1
[2026-03-25T17:27:57.958Z] GET /api/pacientes/1
[2026-03-25T17:28:02.020Z] GET /api/pacientes
[2026-03-25T17:28:02.021Z] GET /api/financeiro
[2026-03-25T17:28:11.719Z] GET /api/pacientes?search=&status=ativo
[2026-03-25T17:28:13.647Z] GET /api/pacientes/1
[2026-03-25T17:28:13.649Z] GET /api/pacientes/1
[2026-03-25T17:28:34.531Z] GET /api/pacientes
[2026-03-25T17:28:34.531Z] GET /api/financeiro
[2026-03-25T17:28:41.905Z] GET /api/pacientes?status=ativo
[2026-03-25T17:28:44.607Z] POST /api/testes/gerar-link
[2026-03-25T17:29:05.227Z] GET /api/financeiro
[2026-03-25T17:30:32.527Z] GET /
[2026-03-25T17:30:32.542Z] GET /assets/index-DRH5sgCG.js
[2026-03-25T17:30:32.543Z] GET /assets/index-BEXRRWlo.css
[2026-03-25T17:30:32.678Z] GET /api/pacientes
[2026-03-25T17:30:32.679Z] GET /api/financeiro
[2026-03-25T17:30:34.190Z] GET /api/pacientes?search=&status=ativo
[2026-03-25T17:31:21.456Z] PATCH /api/pacientes/1/status
[2026-03-25T17:31:21.464Z] GET /api/pacientes?search=&status=ativo
[2026-03-25T17:31:23.016Z] GET /api/pacientes?search=&status=inativo
[2026-03-25T17:31:24.799Z] PATCH /api/pacientes/1/status
[2026-03-25T17:31:24.815Z] GET /api/pacientes?search=&status=inativo
[2026-03-25T17:31:25.904Z] GET /api/pacientes?search=&status=ativo
[2026-03-25T17:31:27.992Z] GET /api/pacientes/1
[2026-03-25T17:31:27.992Z] GET /api/pacientes/1
[2026-03-25T17:34:56.997Z] GET /
[2026-03-25T17:34:57.021Z] GET /assets/index-BjME7hrJ.js
[2026-03-25T17:34:57.022Z] GET /assets/index-CgqMZpgY.css
[2026-03-25T17:34:57.052Z] GET /api/pacientes?search=&status=ativo
[2026-03-25T17:38:52.209Z] GET /api/pacientes?search=&status=inativo
[2026-03-25T17:38:52.759Z] GET /api/pacientes?search=&status=ativo
[2026-03-25T17:38:59.113Z] GET /api/pacientes?search=r&status=ativo
[2026-03-25T17:38:59.207Z] GET /api/pacientes?search=ra&status=ativo
[2026-03-25T17:38:59.536Z] GET /api/pacientes?search=raf&status=ativo
[2026-03-25T17:38:59.687Z] GET /api/pacientes?search=rafa&status=ativo
[2026-03-25T17:38:59.887Z] GET /api/pacientes?search=rafae&status=ativo
[2026-03-25T17:39:00.120Z] GET /api/pacientes?search=rafael&status=ativo
[2026-03-25T17:39:06.431Z] POST /api/pacientes
[2026-03-25T17:39:06.443Z] GET /api/pacientes?search=rafael&status=ativo
[2026-03-25T17:44:28.565Z] GET /
[2026-03-25T17:44:28.579Z] GET /assets/index-DyazjvfI.js
[2026-03-25T17:44:28.580Z] GET /assets/index-DaLR45Yg.css
[2026-03-25T17:44:28.643Z] GET /api/pacientes
[2026-03-25T17:44:28.643Z] GET /api/financeiro
[2026-03-25T17:44:28.645Z] GET /api/dashboard/aniversariantes
[2026-03-25T17:44:39.240Z] GET /api/pacientes?search=&status=ativo
[2026-03-25T17:44:48.378Z] GET /api/pacientes
[2026-03-25T17:44:48.378Z] GET /api/financeiro
[2026-03-25T17:44:48.380Z] GET /api/dashboard/aniversariantes
[2026-03-25T17:44:58.189Z] GET /api/pacientes?search=&status=ativo
[2026-03-25T17:45:03.329Z] GET /api/pacientes/1
[2026-03-25T17:45:03.330Z] GET /api/anamneses/1
[2026-03-25T17:45:03.330Z] GET /api/pacientes/1
[2026-03-25T17:45:03.332Z] GET /api/declaracoes/1
[2026-03-25T17:45:03.332Z] GET /api/documentos/1
[2026-03-25T17:45:09.555Z] GET /api/pacientes?search=&status=ativo
[2026-03-25T17:45:19.274Z] GET /api/pacientes/2
[2026-03-25T17:45:19.275Z] GET /api/anamneses/2
[2026-03-25T17:45:19.275Z] GET /api/pacientes/2
[2026-03-25T17:45:19.278Z] GET /api/documentos/2
[2026-03-25T17:45:19.279Z] GET /api/declaracoes/2
[2026-03-25T17:45:35.961Z] GET /api/pacientes?search=&status=ativo
[2026-03-25T17:45:48.075Z] GET /api/pacientes/1
[2026-03-25T17:45:48.075Z] GET /api/anamneses/1
[2026-03-25T17:45:48.076Z] GET /api/pacientes/1
[2026-03-25T17:45:48.077Z] GET /api/documentos/1
[2026-03-25T17:45:48.077Z] GET /api/declaracoes/1
[2026-03-25T17:45:53.857Z] GET /api/pacientes?search=&status=ativo
[2026-03-25T17:46:12.056Z] POST /api/pacientes
[2026-03-25T17:46:12.069Z] GET /api/pacientes?search=&status=ativo
[2026-03-25T17:46:22.074Z] GET /api/pacientes/3
[2026-03-25T17:46:22.074Z] GET /api/anamneses/3
[2026-03-25T17:46:22.074Z] GET /api/pacientes/3
[2026-03-25T17:46:22.076Z] GET /api/declaracoes/3
[2026-03-25T17:46:22.076Z] GET /api/documentos/3
[2026-03-25T17:46:28.274Z] GET /api/pacientes
[2026-03-25T17:46:28.275Z] GET /api/financeiro
[2026-03-25T17:46:44.042Z] GET /api/pacientes?search=&status=ativo
[2026-03-25T17:46:49.422Z] GET /api/pacientes/3
[2026-03-25T17:46:49.423Z] GET /api/pacientes/3
[2026-03-25T17:46:49.424Z] GET /api/anamneses/3
[2026-03-25T17:46:49.425Z] GET /api/documentos/3
[2026-03-25T17:46:49.425Z] GET /api/declaracoes/3
[2026-03-25T17:47:38.091Z] GET /api/financeiro
[2026-03-25T17:49:26.747Z] Iniciando servidor...
[2026-03-25T17:56:13.256Z] GET /
[2026-03-25T17:56:13.272Z] GET /assets/index-DaLR45Yg.css
[2026-03-25T17:56:13.273Z] GET /assets/index-DyazjvfI.js
[2026-03-25T17:56:13.305Z] GET /favicon.svg
[2026-03-25T17:56:21.968Z] POST /api/auth/login
[2026-03-25T17:56:22.048Z] GET /api/pacientes
[2026-03-25T17:56:22.049Z] GET /api/financeiro
[2026-03-25T17:56:22.052Z] GET /api/dashboard/aniversariantes
[2026-03-25T17:56:28.785Z] GET /api/pacientes?search=&status=ativo
[2026-03-25T17:57:19.136Z] POST /api/pacientes
[2026-03-25T17:57:19.143Z] GET /api/pacientes?search=&status=ativo
[2026-03-25T17:57:22.826Z] GET /api/pacientes
[2026-03-25T17:57:22.828Z] GET /api/financeiro
[2026-03-25T17:57:22.828Z] GET /api/dashboard/aniversariantes
[2026-03-25T17:58:05.699Z] Iniciando servidor...
[2026-03-25T18:01:02.726Z] GET /api/pacientes?search=&status=ativo
[2026-03-25T18:01:04.016Z] GET /api/anamneses/1
[2026-03-25T18:01:04.018Z] GET /api/pacientes/1
[2026-03-25T18:01:04.018Z] GET /api/pacientes/1
[2026-03-25T18:01:04.020Z] GET /api/documentos/1
[2026-03-25T18:01:04.021Z] GET /api/declaracoes/1
[2026-03-25T18:01:47.338Z] GET /api/financeiro
[2026-03-25T18:01:49.883Z] GET /api/pacientes?status=ativo
[2026-03-25T18:01:51.016Z] GET /api/pacientes
[2026-03-25T18:01:51.018Z] GET /api/financeiro
[2026-03-25T18:01:51.439Z] GET /api/pacientes?search=&status=ativo
[2026-03-25T18:01:52.750Z] GET /api/pacientes/1
[2026-03-25T18:01:52.750Z] GET /api/pacientes/1
[2026-03-25T18:02:01.111Z] PUT /api/pacientes/1
[2026-03-25T18:02:01.123Z] GET /api/pacientes?search=&status=ativo
[2026-03-25T18:02:05.338Z] GET /api/financeiro
[2026-03-25T18:02:06.296Z] GET /api/pacientes
[2026-03-25T18:02:06.298Z] GET /api/financeiro
[2026-03-25T18:08:22.668Z] Iniciando servidor...
[2026-03-25T18:09:47.932Z] GET /
[2026-03-25T18:09:47.946Z] GET /assets/index-DaLR45Yg.css
[2026-03-25T18:09:47.947Z] GET /assets/index-DyazjvfI.js
[2026-03-25T18:09:47.961Z] GET /favicon.svg
[2026-03-25T18:09:47.962Z] GET /api/pacientes
[2026-03-25T18:09:47.967Z] GET /api/financeiro
[2026-03-25T18:10:05.591Z] Iniciando servidor...
[2026-03-25T18:10:07.035Z] GET /
[2026-03-25T18:10:07.047Z] GET /assets/index-DyazjvfI.js
[2026-03-25T18:10:07.049Z] GET /assets/index-DaLR45Yg.css
[2026-03-25T18:10:07.069Z] GET /favicon.svg
[2026-03-25T18:10:07.070Z] GET /api/pacientes
[2026-03-25T18:10:07.074Z] GET /api/financeiro
[2026-03-25T18:10:30.879Z] GET /api/debug/db
[2026-03-25T18:10:57.772Z] GET /api/debug/db
[2026-03-25T18:11:54.739Z] GET /api/financeiro
[2026-03-25T18:12:36.714Z] GET /
[2026-03-25T18:12:36.726Z] GET /assets/index-DyazjvfI.js
[2026-03-25T18:12:36.727Z] GET /assets/index-DaLR45Yg.css
[2026-03-25T18:12:36.736Z] GET /favicon.svg
[2026-03-25T18:12:36.737Z] GET /api/financeiro
[2026-03-25T18:12:37.481Z] GET /
[2026-03-25T18:12:37.492Z] GET /assets/index-DyazjvfI.js
[2026-03-25T18:12:37.492Z] GET /assets/index-DaLR45Yg.css
[2026-03-25T18:12:37.504Z] GET /favicon.svg
[2026-03-25T18:12:37.504Z] GET /api/financeiro
[2026-03-25T18:12:37.665Z] GET /
[2026-03-25T18:12:37.674Z] GET /assets/index-DaLR45Yg.css
[2026-03-25T18:12:37.674Z] GET /assets/index-DyazjvfI.js
[2026-03-25T18:12:37.694Z] GET /favicon.svg
[2026-03-25T18:12:37.695Z] GET /api/financeiro
[2026-03-25T18:12:37.809Z] GET /
[2026-03-25T18:12:37.820Z] GET /assets/index-DaLR45Yg.css
[2026-03-25T18:12:37.820Z] GET /assets/index-DyazjvfI.js
[2026-03-25T18:12:37.829Z] GET /favicon.svg
[2026-03-25T18:12:37.831Z] GET /api/financeiro
[2026-03-25T18:12:42.306Z] GET /api/pacientes?search=&status=ativo
[2026-03-25T18:12:44.280Z] GET /api/pacientes/5
[2026-03-25T18:12:44.281Z] GET /api/pacientes/5
[2026-03-25T18:12:44.283Z] GET /api/anamneses/5
[2026-03-25T18:12:44.284Z] GET /api/documentos/5
[2026-03-25T18:12:44.285Z] GET /api/declaracoes/5
[2026-03-25T18:13:11.931Z] GET /api/financeiro
[2026-03-25T18:17:47.666Z] GET /
[2026-03-25T18:17:47.678Z] GET /assets/index-DyazjvfI.js
[2026-03-25T18:17:47.678Z] GET /assets/index-DaLR45Yg.css
[2026-03-25T18:17:47.696Z] GET /favicon.svg
[2026-03-25T18:17:47.697Z] GET /api/financeiro
[2026-03-25T18:17:48.065Z] GET /
[2026-03-25T18:17:48.075Z] GET /assets/index-DyazjvfI.js
[2026-03-25T18:17:48.075Z] GET /assets/index-DaLR45Yg.css
[2026-03-25T18:17:48.087Z] GET /favicon.svg
[2026-03-25T18:17:48.088Z] GET /api/financeiro
[2026-03-25T18:17:54.193Z] GET /api/pacientes
[2026-03-25T18:17:54.194Z] GET /api/financeiro
[2026-03-25T18:18:01.121Z] GET /api/pacientes?search=&status=ativo
[2026-03-25T18:18:03.761Z] GET /api/pacientes/9
[2026-03-25T18:18:03.762Z] GET /api/pacientes/9
[2026-03-25T18:18:03.762Z] GET /api/anamneses/9
[2026-03-25T18:18:03.763Z] GET /api/documentos/9
[2026-03-25T18:18:03.764Z] GET /api/declaracoes/9
[2026-03-25T18:18:19.376Z] GET /api/pacientes?search=&status=ativo
[2026-03-25T18:18:23.888Z] GET /api/pacientes?search=1&status=ativo
[2026-03-25T18:18:24.071Z] GET /api/pacientes?search=12&status=ativo
[2026-03-25T18:18:24.286Z] GET /api/pacientes?search=123&status=ativo
[2026-03-25T18:18:25.447Z] GET /api/pacientes?search=1234&status=ativo
[2026-03-25T18:18:25.710Z] GET /api/pacientes?search=12345&status=ativo
[2026-03-25T18:18:25.950Z] GET /api/pacientes?search=123456&status=ativo
[2026-03-25T18:18:26.894Z] GET /api/pacientes?search=12345&status=ativo
[2026-03-25T18:18:27.054Z] GET /api/pacientes?search=1234&status=ativo
[2026-03-25T18:18:27.230Z] GET /api/pacientes?search=123&status=ativo
[2026-03-25T18:18:28.278Z] GET /api/pacientes?search=123.&status=ativo
[2026-03-25T18:18:28.815Z] GET /api/pacientes?search=123.4&status=ativo
[2026-03-25T18:18:29.014Z] GET /api/pacientes?search=123.45&status=ativo
[2026-03-25T18:18:29.222Z] GET /api/pacientes?search=123.456&status=ativo
[2026-03-25T18:18:30.583Z] GET /api/pacientes?search=123.456.&status=ativo
[2026-03-25T18:18:31.119Z] GET /api/pacientes?search=123.456.7&status=ativo
[2026-03-25T18:18:31.335Z] GET /api/pacientes?search=123.456.78&status=ativo
[2026-03-25T18:18:31.574Z] GET /api/pacientes?search=123.456.789&status=ativo
[2026-03-25T18:18:32.047Z] GET /api/pacientes?search=123.456.789-&status=ativo
[2026-03-25T18:18:32.558Z] GET /api/pacientes?search=123.456.789-1&status=ativo
[2026-03-25T18:18:32.562Z] GET /api/pacientes?search=123.456.789-10&status=ativo
[2026-03-25T18:18:33.782Z] GET /api/pacientes?search=123.456.789-1&status=ativo
[2026-03-25T18:18:35.494Z] GET /api/pacientes?search=123.456.789-10&status=ativo
[2026-03-25T18:18:36.614Z] GET /api/pacientes?search=123.456.789-1&status=ativo
[2026-03-25T18:18:37.542Z] GET /api/pacientes?search=123.456.789-15&status=ativo
[2026-03-25T18:18:40.704Z] GET /api/pacientes/10
[2026-03-25T18:18:40.704Z] GET /api/pacientes/10
[2026-03-25T18:18:40.706Z] GET /api/anamneses/10
[2026-03-25T18:18:40.707Z] GET /api/documentos/10
[2026-03-25T18:18:40.708Z] GET /api/declaracoes/10
[2026-03-25T18:20:35.056Z] Iniciando servidor...
[2026-03-25T18:21:13.625Z] GET /api/financeiro
[2026-03-25T18:21:14.208Z] GET /api/pacientes
[2026-03-25T18:21:14.210Z] GET /api/financeiro
[2026-03-25T18:21:20.722Z] GET /
[2026-03-25T18:21:20.733Z] GET /assets/index-DaLR45Yg.css
[2026-03-25T18:21:20.734Z] GET /assets/index-DyazjvfI.js
[2026-03-25T18:21:20.746Z] GET /favicon.svg
[2026-03-25T18:21:20.747Z] GET /api/pacientes
[2026-03-25T18:21:20.748Z] GET /api/financeiro
[2026-03-25T18:21:21.740Z] GET /api/pacientes?status=ativo
[2026-03-25T18:21:22.432Z] GET /api/pacientes
[2026-03-25T18:21:22.434Z] GET /api/financeiro
[2026-03-25T18:21:22.434Z] GET /api/dashboard/aniversariantes
[2026-03-25T18:21:28.772Z] GET /api/pacientes?search=&status=ativo
[2026-03-25T18:21:31.189Z] GET /api/pacientes/19
[2026-03-25T18:21:31.190Z] GET /api/pacientes/19
[2026-03-25T18:21:31.191Z] GET /api/anamneses/19
[2026-03-25T18:21:31.192Z] GET /api/documentos/19
[2026-03-25T18:21:31.192Z] GET /api/declaracoes/19
[2026-03-25T18:21:38.101Z] POST /api/documentos/upload
[2026-03-25T18:21:38.119Z] GET /api/pacientes/19
[2026-03-25T18:21:38.119Z] GET /api/pacientes/19
[2026-03-25T18:21:38.120Z] GET /api/anamneses/19
[2026-03-25T18:21:38.121Z] GET /api/documentos/19
[2026-03-25T18:21:38.122Z] GET /api/declaracoes/19
[2026-03-25T18:21:41.201Z] GET /uploads/1774462898105-ebook_8aa51563-498d-49eb-b9aa-2a626b831180.pdf
[2026-03-26T15:26:15.542Z] Iniciando servidor...
[2026-03-26T15:27:19.712Z] GET /
[2026-03-26T15:27:19.726Z] GET /assets/index-DaLR45Yg.css
[2026-03-26T15:27:19.727Z] GET /assets/index-DyazjvfI.js
[2026-03-26T15:27:19.889Z] GET /api/pacientes
[2026-03-26T15:27:19.892Z] GET /api/dashboard/aniversariantes
[2026-03-26T15:27:19.894Z] GET /api/financeiro
[2026-03-26T15:27:19.894Z] GET /favicon.svg
[2026-03-26T15:27:29.279Z] GET /api/pacientes?status=ativo
[2026-03-26T15:27:30.501Z] GET /api/pacientes
[2026-03-26T15:27:30.523Z] GET /api/financeiro
[2026-03-26T15:27:32.722Z] GET /api/pacientes?status=ativo
[2026-03-26T15:28:31.086Z] GET /api/pacientes
[2026-03-26T15:28:31.087Z] GET /api/dashboard/aniversariantes
[2026-03-26T15:28:31.088Z] GET /api/financeiro
[2026-03-26T15:28:33.084Z] GET /api/pacientes?search=&status=ativo
[2026-03-26T15:30:36.388Z] OPTIONS /api/auth/login
[2026-03-26T15:30:36.391Z] POST /api/auth/login
[2026-03-26T15:31:09.272Z] OPTIONS /api/pacientes?status=ativo
[2026-03-26T15:31:09.273Z] OPTIONS /api/pacientes?status=ativo
[2026-03-26T15:31:09.290Z] GET /api/pacientes?status=ativo
[2026-03-26T15:31:09.293Z] GET /api/pacientes?status=ativo
[2026-03-26T15:32:46.301Z] OPTIONS /api/pacientes?status=ativo
[2026-03-26T15:32:46.305Z] OPTIONS /api/pacientes?status=ativo
[2026-03-26T15:32:46.306Z] GET /api/pacientes?status=ativo
[2026-03-26T15:32:46.309Z] GET /api/pacientes?status=ativo
[2026-03-26T15:32:49.324Z] OPTIONS /api/testes/gerar-link
[2026-03-26T15:32:49.326Z] POST /api/testes/gerar-link
[2026-03-26T15:32:53.236Z] GET /
[2026-03-26T15:32:53.249Z] GET /assets/index-DyazjvfI.js
[2026-03-26T15:32:53.251Z] GET /assets/index-DaLR45Yg.css
[2026-03-26T15:33:37.531Z] GET /
[2026-03-26T15:33:37.547Z] GET /assets/index-DyazjvfI.js
[2026-03-26T15:33:37.547Z] GET /assets/index-DaLR45Yg.css
[2026-03-26T15:33:37.650Z] GET /api/pacientes?search=&status=ativo
[2026-03-26T15:33:37.656Z] GET /favicon.svg
[2026-03-26T15:33:51.025Z] GET /api/testes/validar/test-token
[2026-03-26T15:33:51.029Z] GET /api/testes/validar/test-token
[2026-03-26T15:35:58.951Z] OPTIONS /api/pacientes?status=ativo
[2026-03-26T15:35:58.952Z] OPTIONS /api/pacientes?status=ativo
[2026-03-26T15:35:58.952Z] GET /api/pacientes?status=ativo
[2026-03-26T15:35:58.954Z] GET /api/pacientes?status=ativo
[2026-03-26T15:36:48.478Z] OPTIONS /api/testes/gerar-link
[2026-03-26T15:36:48.478Z] POST /api/testes/gerar-link
[2026-03-26T15:36:53.780Z] GET /api/testes/validar/gl26gtopkzgr8zaq25pw6k
[2026-03-26T15:36:53.784Z] GET /api/testes/validar/gl26gtopkzgr8zaq25pw6k
[2026-03-26T15:40:44.768Z] OPTIONS /api/testes/submeter
[2026-03-26T15:40:44.769Z] POST /api/testes/submeter
[2026-03-26T15:40:53.256Z] OPTIONS /api/pacientes?status=ativo
[2026-03-26T15:40:53.257Z] OPTIONS /api/pacientes?status=ativo
[2026-03-26T15:40:53.258Z] GET /api/pacientes?status=ativo
[2026-03-26T15:40:53.259Z] GET /api/pacientes?status=ativo
[2026-03-26T15:41:03.278Z] GET /api/testes/validar/test-token
[2026-03-26T15:41:03.279Z] GET /api/testes/validar/test-token
[2026-03-26T15:41:33.438Z] Iniciando servidor...
[2026-03-26T15:42:00.911Z] GET /
[2026-03-26T15:42:00.924Z] GET /assets/index-CZRP9adS.js
[2026-03-26T15:42:00.924Z] GET /assets/index-Ql5_6EjK.css
[2026-03-26T15:42:01.092Z] GET /api/pacientes
[2026-03-26T15:42:01.093Z] GET /api/dashboard/aniversariantes
[2026-03-26T15:42:01.094Z] GET /api/financeiro
[2026-03-26T15:42:07.956Z] GET /api/pacientes?search=&status=ativo
[2026-03-26T15:42:09.230Z] GET /api/pacientes?search=c&status=ativo
[2026-03-26T15:42:09.413Z] GET /api/pacientes?search=cl&status=ativo
[2026-03-26T15:42:09.485Z] GET /api/pacientes?search=cla&status=ativo
[2026-03-26T15:42:09.677Z] GET /api/pacientes?search=clar&status=ativo
[2026-03-26T15:42:09.679Z] GET /api/pacientes?search=clare&status=ativo
[2026-03-26T15:42:10.117Z] GET /api/pacientes?search=clar&status=ativo
[2026-03-26T15:42:10.430Z] GET /api/pacientes?search=clara&status=ativo
[2026-03-26T15:42:11.907Z] GET /api/financeiro
[2026-03-26T15:42:12.552Z] GET /api/pacientes
[2026-03-26T15:42:12.553Z] GET /api/financeiro
[2026-03-26T15:42:15.105Z] GET /api/pacientes?status=ativo
[2026-03-26T15:42:29.291Z] GET /
[2026-03-26T15:42:29.308Z] GET /assets/index-CZRP9adS.js
[2026-03-26T15:42:29.309Z] GET /assets/index-Ql5_6EjK.css
[2026-03-26T15:42:29.340Z] GET /api/pacientes?status=ativo
[2026-03-26T15:42:29.341Z] GET /favicon.svg
[2026-03-26T15:42:29.746Z] GET /
[2026-03-26T15:42:29.759Z] GET /assets/index-CZRP9adS.js
[2026-03-26T15:42:29.760Z] GET /assets/index-Ql5_6EjK.css
[2026-03-26T15:42:29.790Z] GET /api/pacientes?status=ativo
[2026-03-26T15:42:29.792Z] GET /favicon.svg
[2026-03-26T15:42:29.907Z] GET /
[2026-03-26T15:42:29.932Z] GET /assets/index-CZRP9adS.js
[2026-03-26T15:42:29.939Z] GET /assets/index-Ql5_6EjK.css
[2026-03-26T15:42:29.949Z] GET /api/pacientes?status=ativo
[2026-03-26T15:42:29.954Z] GET /favicon.svg
[2026-03-26T15:42:30.057Z] GET /
[2026-03-26T15:42:30.073Z] GET /assets/index-CZRP9adS.js
[2026-03-26T15:42:30.073Z] GET /assets/index-Ql5_6EjK.css
[2026-03-26T15:42:30.105Z] GET /api/pacientes?status=ativo
[2026-03-26T15:42:30.106Z] GET /favicon.svg
[2026-03-26T15:42:30.219Z] GET /
[2026-03-26T15:42:30.235Z] GET /assets/index-CZRP9adS.js
[2026-03-26T15:42:30.235Z] GET /assets/index-Ql5_6EjK.css
[2026-03-26T15:42:30.258Z] GET /api/pacientes?status=ativo
[2026-03-26T15:42:30.262Z] GET /favicon.svg
[2026-03-26T15:46:27.478Z] GET /api/pacientes?search=&status=ativo
[2026-03-26T15:46:27.483Z] GET /api/pacientes?search=&status=ativo
[2026-03-26T15:47:32.196Z] GET /api/pacientes
[2026-03-26T15:47:32.198Z] GET /api/financeiro
[2026-03-26T15:47:32.205Z] GET /api/dashboard/aniversariantes
[2026-03-26T15:47:32.209Z] GET /api/pacientes
[2026-03-26T15:47:32.218Z] GET /api/financeiro
[2026-03-26T15:47:32.221Z] GET /api/dashboard/aniversariantes
[2026-03-26T15:49:54.284Z] GET /
[2026-03-26T15:49:54.302Z] GET /assets/index-xqwSZIEX.js
[2026-03-26T15:49:54.303Z] GET /assets/index-Ql5_6EjK.css
[2026-03-26T15:49:54.341Z] GET /api/pacientes?status=ativo
[2026-03-26T15:49:54.347Z] GET /favicon.svg
[2026-03-26T15:49:54.809Z] GET /
[2026-03-26T15:49:54.824Z] GET /assets/index-Ql5_6EjK.css
[2026-03-26T15:49:54.824Z] GET /assets/index-xqwSZIEX.js
[2026-03-26T15:49:54.851Z] GET /api/pacientes?status=ativo
[2026-03-26T15:49:54.854Z] GET /favicon.svg
[2026-03-26T15:49:54.985Z] GET /
[2026-03-26T15:49:55.008Z] GET /assets/index-xqwSZIEX.js
[2026-03-26T15:49:55.009Z] GET /assets/index-Ql5_6EjK.css
[2026-03-26T15:49:55.022Z] GET /api/pacientes?status=ativo
[2026-03-26T15:49:55.026Z] GET /favicon.svg
[2026-03-26T15:49:58.231Z] GET /api/pacientes?search=&status=ativo
[2026-03-26T15:50:05.865Z] GET /
[2026-03-26T15:50:05.876Z] GET /assets/index-xqwSZIEX.js
[2026-03-26T15:50:05.877Z] GET /assets/index-Ql5_6EjK.css
[2026-03-26T15:50:06.005Z] GET /api/pacientes
[2026-03-26T15:50:06.006Z] GET /api/dashboard/aniversariantes
[2026-03-26T15:50:06.006Z] GET /api/financeiro
[2026-03-26T15:50:07.667Z] GET /api/pacientes?search=&status=ativo
[2026-03-26T15:52:20.749Z] GET /api/pacientes?search=&status=ativo
[2026-03-26T15:52:20.764Z] GET /api/pacientes?search=&status=ativo
[2026-03-26T15:53:04.224Z] GET /api/pacientes
[2026-03-26T15:53:04.250Z] GET /api/financeiro
[2026-03-26T15:53:04.252Z] GET /api/dashboard/aniversariantes
[2026-03-26T15:53:04.255Z] GET /api/pacientes
[2026-03-26T15:53:04.260Z] GET /api/financeiro
[2026-03-26T15:53:04.261Z] GET /api/dashboard/aniversariantes
[2026-03-26T15:54:44.089Z] POST /api/auth/login
[2026-03-26T15:54:44.182Z] GET /api/pacientes
[2026-03-26T15:54:44.184Z] GET /api/financeiro
[2026-03-26T15:54:44.186Z] GET /api/dashboard/aniversariantes
[2026-03-26T15:54:44.187Z] GET /api/pacientes
[2026-03-26T15:54:44.190Z] GET /api/financeiro
[2026-03-26T15:54:44.191Z] GET /api/dashboard/aniversariantes
[2026-03-26T15:55:44.713Z] GET /api/pacientes?search=&status=ativo
[2026-03-26T15:55:44.716Z] GET /api/pacientes?search=&status=ativo
[2026-03-26T15:55:47.434Z] GET /api/pacientes?status=ativo
[2026-03-26T15:55:47.438Z] GET /api/pacientes?status=ativo
[2026-03-26T15:55:50.615Z] POST /api/testes/gerar-link
[2026-03-26T15:55:53.705Z] GET /api/testes/validar/tov59rczlhl1wps9oqen6g
[2026-03-26T15:55:53.707Z] GET /api/testes/validar/tov59rczlhl1wps9oqen6g
[2026-03-26T15:56:21.031Z] POST /api/testes/submeter
[2026-03-26T15:56:25.216Z] GET /api/pacientes?search=&status=ativo
[2026-03-26T15:56:25.219Z] GET /api/pacientes?search=&status=ativo
[2026-03-26T15:56:27.353Z] GET /api/pacientes/5
[2026-03-26T15:56:27.354Z] GET /api/pacientes/5
[2026-03-26T15:56:27.354Z] GET /api/documentos/5
[2026-03-26T15:56:27.355Z] GET /api/anamneses/5
[2026-03-26T15:56:27.356Z] GET /api/declaracoes/5
[2026-03-26T15:56:27.360Z] GET /api/pacientes/5
[2026-03-26T15:56:27.360Z] GET /api/pacientes/5
[2026-03-26T15:56:27.361Z] GET /api/documentos/5
[2026-03-26T15:56:27.362Z] GET /api/anamneses/5
[2026-03-26T15:56:27.363Z] GET /api/declaracoes/5
[2026-03-26T15:59:41.063Z] GET /api/pacientes/5
[2026-03-26T15:59:41.063Z] GET /api/pacientes/5
[2026-03-26T15:59:41.064Z] GET /api/anamneses/5
[2026-03-26T15:59:41.065Z] GET /api/documentos/5
[2026-03-26T15:59:41.066Z] GET /api/declaracoes/5
[2026-03-26T15:59:41.068Z] GET /api/pacientes/5
[2026-03-26T15:59:41.068Z] GET /api/pacientes/5
[2026-03-26T15:59:41.069Z] GET /api/anamneses/5
[2026-03-26T15:59:41.071Z] GET /api/documentos/5
[2026-03-26T15:59:41.072Z] GET /api/declaracoes/5
[2026-03-26T16:01:40.261Z] GET /api/pacientes?search=&status=ativo
[2026-03-26T16:01:40.267Z] GET /api/pacientes?search=&status=ativo
[2026-03-26T16:01:47.002Z] GET /api/pacientes/5
[2026-03-26T16:01:47.003Z] GET /api/pacientes/5
[2026-03-26T16:01:47.004Z] GET /api/anamneses/5
[2026-03-26T16:01:47.004Z] GET /api/documentos/5
[2026-03-26T16:01:47.007Z] GET /api/declaracoes/5
[2026-03-26T16:01:47.011Z] GET /api/pacientes/5
[2026-03-26T16:01:47.012Z] GET /api/pacientes/5
[2026-03-26T16:01:47.013Z] GET /api/anamneses/5
[2026-03-26T16:01:47.015Z] GET /api/documentos/5
[2026-03-26T16:01:47.017Z] GET /api/declaracoes/5
[2026-03-26T16:02:27.407Z] POST /api/anamneses
[2026-03-26T16:02:27.419Z] GET /api/pacientes/5
[2026-03-26T16:02:27.420Z] GET /api/pacientes/5
[2026-03-26T16:02:27.423Z] GET /api/anamneses/5
[2026-03-26T16:02:27.425Z] GET /api/documentos/5
[2026-03-26T16:02:27.426Z] GET /api/declaracoes/5
[2026-03-26T16:02:47.578Z] GET /api/pacientes?status=ativo
[2026-03-26T16:02:47.582Z] GET /api/pacientes?status=ativo
[2026-03-26T16:02:54.377Z] POST /api/testes/gerar-link
[2026-03-26T16:02:59.029Z] GET /api/testes/validar/3fz7s019peisg8scajn1hp
[2026-03-26T16:02:59.033Z] GET /api/testes/validar/3fz7s019peisg8scajn1hp
[2026-03-26T16:07:06.834Z] POST /api/testes/submeter
[2026-03-26T16:07:10.988Z] GET /api/pacientes/5
[2026-03-26T16:07:10.989Z] GET /api/pacientes/5
[2026-03-26T16:07:10.990Z] GET /api/anamneses/5
[2026-03-26T16:07:10.992Z] GET /api/declaracoes/5
[2026-03-26T16:07:10.992Z] GET /api/documentos/5
[2026-03-26T16:07:10.993Z] GET /api/pacientes/5
[2026-03-26T16:07:10.993Z] GET /api/pacientes/5
[2026-03-26T16:07:10.995Z] GET /api/anamneses/5
[2026-03-26T16:07:10.998Z] GET /api/documentos/5
[2026-03-26T16:07:11.006Z] GET /api/declaracoes/5
[2026-03-26T16:07:48.012Z] Iniciando servidor...
[2026-03-26T16:08:09.283Z] GET /api/pacientes?status=ativo
[2026-03-26T16:08:09.287Z] GET /api/pacientes?status=ativo
[2026-03-26T16:08:31.808Z] POST /api/testes/gerar-link
[2026-03-26T16:08:41.314Z] GET /api/testes/validar/249lur58zks1sieutfqpr2
[2026-03-26T16:08:41.318Z] GET /api/testes/validar/249lur58zks1sieutfqpr2
[2026-03-26T16:11:18.841Z] GET /api/pacientes/5
[2026-03-26T16:11:18.841Z] GET /api/pacientes/5
[2026-03-26T16:11:18.842Z] GET /api/anamneses/5
[2026-03-26T16:11:18.844Z] GET /api/documentos/5
[2026-03-26T16:11:18.845Z] GET /api/declaracoes/5
[2026-03-26T16:11:18.846Z] GET /api/pacientes/5
[2026-03-26T16:11:18.846Z] GET /api/pacientes/5
[2026-03-26T16:11:18.847Z] GET /api/anamneses/5
[2026-03-26T16:11:18.848Z] GET /api/documentos/5
[2026-03-26T16:11:18.849Z] GET /api/declaracoes/5
[2026-03-26T16:12:02.128Z] POST /api/anamneses
[2026-03-26T16:12:02.139Z] GET /api/pacientes/5
[2026-03-26T16:12:02.139Z] GET /api/pacientes/5
[2026-03-26T16:12:02.140Z] GET /api/anamneses/5
[2026-03-26T16:12:02.141Z] GET /api/documentos/5
[2026-03-26T16:12:02.142Z] GET /api/declaracoes/5
[2026-03-26T16:12:14.713Z] POST /api/testes/submeter
[2026-03-26T16:12:28.242Z] GET /api/pacientes?search=&status=ativo
[2026-03-26T16:12:28.252Z] GET /api/pacientes?search=&status=ativo
[2026-03-26T16:12:39.987Z] GET /api/pacientes?search=&status=ativo
[2026-03-26T16:12:39.991Z] GET /api/pacientes?search=&status=ativo
[2026-03-26T16:12:45.929Z] GET /api/pacientes/5
[2026-03-26T16:12:45.929Z] GET /api/pacientes/5
[2026-03-26T16:12:45.930Z] GET /api/anamneses/5
[2026-03-26T16:12:45.931Z] GET /api/documentos/5
[2026-03-26T16:12:45.938Z] GET /api/declaracoes/5
[2026-03-26T16:12:45.939Z] GET /api/pacientes/5
[2026-03-26T16:12:45.940Z] GET /api/pacientes/5
[2026-03-26T16:12:45.940Z] GET /api/anamneses/5
[2026-03-26T16:12:45.946Z] GET /api/documentos/5
[2026-03-26T16:12:45.948Z] GET /api/declaracoes/5
[2026-03-26T16:16:36.357Z] Iniciando servidor...
[2026-03-26T16:16:44.944Z] GET /api/pacientes/5
[2026-03-26T16:16:44.947Z] GET /api/pacientes/5
[2026-03-26T16:16:44.951Z] GET /api/anamneses/5
[2026-03-26T16:16:44.952Z] GET /api/documentos/5
[2026-03-26T16:16:44.954Z] GET /api/declaracoes/5
[2026-03-26T16:16:44.957Z] GET /api/pacientes/5
[2026-03-26T16:16:44.957Z] GET /api/pacientes/5
[2026-03-26T16:16:44.958Z] GET /api/anamneses/5
[2026-03-26T16:16:44.960Z] GET /api/documentos/5
[2026-03-26T16:16:44.961Z] GET /api/declaracoes/5
[2026-03-26T16:16:45.510Z] GET /api/pacientes/5
[2026-03-26T16:16:45.511Z] GET /api/pacientes/5
[2026-03-26T16:16:45.512Z] GET /api/anamneses/5
[2026-03-26T16:16:45.514Z] GET /api/documentos/5
[2026-03-26T16:16:45.521Z] GET /api/declaracoes/5
[2026-03-26T16:16:45.522Z] GET /api/pacientes/5
[2026-03-26T16:16:45.522Z] GET /api/pacientes/5
[2026-03-26T16:16:45.524Z] GET /api/anamneses/5
[2026-03-26T16:16:45.525Z] GET /api/documentos/5
[2026-03-26T16:16:45.529Z] GET /api/declaracoes/5
[2026-03-26T16:18:09.337Z] GET /api/pacientes?search=&status=ativo
[2026-03-26T16:18:09.341Z] GET /api/pacientes?search=&status=ativo
[2026-03-26T16:27:12.200Z] GET /api/pacientes?search=&status=ativo
[2026-03-26T16:27:12.204Z] GET /api/pacientes?search=&status=ativo
[2026-03-26T16:27:14.304Z] GET /api/pacientes/5
[2026-03-26T16:27:14.304Z] GET /api/pacientes/5
[2026-03-26T16:27:14.305Z] GET /api/anamneses/5
[2026-03-26T16:27:14.306Z] GET /api/documentos/5
[2026-03-26T16:27:14.307Z] GET /api/declaracoes/5
[2026-03-26T16:27:14.309Z] GET /api/pacientes/5
[2026-03-26T16:27:14.309Z] GET /api/pacientes/5
[2026-03-26T16:27:14.310Z] GET /api/anamneses/5
[2026-03-26T16:27:14.311Z] GET /api/documentos/5
[2026-03-26T16:27:14.312Z] GET /api/declaracoes/5
[2026-03-26T16:27:50.752Z] POST /api/testes/submeter
[2026-03-26T16:28:32.373Z] GET /api/pacientes
[2026-03-26T16:28:32.374Z] GET /api/financeiro
[2026-03-26T16:28:32.375Z] GET /api/dashboard/aniversariantes
[2026-03-26T16:28:32.376Z] GET /api/pacientes
[2026-03-26T16:28:32.378Z] GET /api/financeiro
[2026-03-26T16:28:32.379Z] GET /api/dashboard/aniversariantes
[2026-03-26T16:28:46.788Z] GET /api/pacientes?status=ativo
[2026-03-26T16:28:46.792Z] GET /api/pacientes?status=ativo
[2026-03-26T16:28:49.447Z] POST /api/testes/gerar-link
[2026-03-26T16:28:52.645Z] GET /api/testes/validar/cj902altsya5em1tvgcwb
[2026-03-26T16:28:52.649Z] GET /api/testes/validar/cj902altsya5em1tvgcwb
[2026-03-26T16:29:20.568Z] POST /api/testes/submeter
[2026-03-26T16:29:26.788Z] GET /api/pacientes?status=ativo
[2026-03-26T16:29:26.791Z] GET /api/pacientes?status=ativo
[2026-03-26T16:29:27.828Z] GET /api/pacientes?search=&status=ativo
[2026-03-26T16:29:27.832Z] GET /api/pacientes?search=&status=ativo
[2026-03-26T16:29:29.772Z] GET /api/pacientes/5
[2026-03-26T16:29:29.772Z] GET /api/pacientes/5
[2026-03-26T16:29:29.773Z] GET /api/anamneses/5
[2026-03-26T16:29:29.774Z] GET /api/documentos/5
[2026-03-26T16:29:29.774Z] GET /api/declaracoes/5
[2026-03-26T16:29:29.775Z] GET /api/pacientes/5
[2026-03-26T16:29:29.776Z] GET /api/pacientes/5
[2026-03-26T16:29:29.777Z] GET /api/anamneses/5
[2026-03-26T16:29:29.778Z] GET /api/documentos/5
[2026-03-26T16:29:29.778Z] GET /api/declaracoes/5
[2026-03-26T16:34:19.030Z] Iniciando servidor...
[2026-03-26T16:34:57.096Z] POST /api/testes/submeter
[2026-03-26T16:35:39.802Z] Iniciando servidor...
[2026-03-26T16:35:49.751Z] GET /
[2026-03-26T16:35:49.778Z] GET /assets/index-DOB1qANb.js
[2026-03-26T16:35:49.779Z] GET /assets/index-CSaGa8j6.css
[2026-03-26T16:35:50.069Z] GET /api/pacientes
[2026-03-26T16:35:50.072Z] GET /api/financeiro
[2026-03-26T16:35:50.074Z] GET /api/dashboard/aniversariantes
[2026-03-26T16:35:54.356Z] GET /
[2026-03-26T16:35:54.367Z] GET /assets/index-DOB1qANb.js
[2026-03-26T16:35:54.368Z] GET /assets/index-CSaGa8j6.css
[2026-03-26T16:35:54.447Z] GET /api/pacientes
[2026-03-26T16:35:54.448Z] GET /api/financeiro
[2026-03-26T16:35:54.449Z] GET /api/dashboard/aniversariantes
[2026-03-26T16:35:56.811Z] GET /api/financeiro
[2026-03-26T16:35:57.959Z] GET /api/pacientes?search=&status=ativo
[2026-03-26T16:36:15.227Z] GET /api/pacientes/5
[2026-03-26T16:36:15.228Z] GET /api/pacientes/5
[2026-03-26T16:36:15.229Z] GET /api/anamneses/5
[2026-03-26T16:36:15.230Z] GET /api/documentos/5
[2026-03-26T16:36:15.231Z] GET /api/declaracoes/5
[2026-03-26T16:36:15.233Z] GET /api/pacientes/5
[2026-03-26T16:36:15.233Z] GET /api/pacientes/5
[2026-03-26T16:36:15.234Z] GET /api/anamneses/5
[2026-03-26T16:36:15.236Z] GET /api/documentos/5
[2026-03-26T16:36:15.237Z] GET /api/declaracoes/5
[2026-03-26T16:36:15.503Z] GET /api/pacientes/5
[2026-03-26T16:36:15.503Z] GET /api/pacientes/5
[2026-03-26T16:36:15.504Z] GET /api/anamneses/5
[2026-03-26T16:36:15.505Z] GET /api/documentos/5
[2026-03-26T16:36:15.507Z] GET /api/declaracoes/5
[2026-03-26T16:36:15.512Z] GET /api/pacientes/5
[2026-03-26T16:36:15.512Z] GET /api/pacientes/5
[2026-03-26T16:36:15.518Z] GET /api/anamneses/5
[2026-03-26T16:36:15.519Z] GET /api/documentos/5
[2026-03-26T16:36:15.520Z] GET /api/declaracoes/5
[2026-03-26T16:36:17.707Z] GET /api/pacientes/5
[2026-03-26T16:36:17.708Z] GET /api/pacientes/5
[2026-03-26T16:36:17.709Z] GET /api/anamneses/5
[2026-03-26T16:36:17.711Z] GET /api/documentos/5
[2026-03-26T16:36:17.711Z] GET /api/declaracoes/5
[2026-03-26T16:36:17.713Z] GET /api/pacientes/5
[2026-03-26T16:36:17.713Z] GET /api/pacientes/5
[2026-03-26T16:36:17.715Z] GET /api/anamneses/5
[2026-03-26T16:36:17.716Z] GET /api/documentos/5
[2026-03-26T16:36:17.717Z] GET /api/declaracoes/5
[2026-03-26T16:36:35.300Z] GET /api/pacientes?status=ativo
[2026-03-26T16:36:35.304Z] GET /api/pacientes?status=ativo
[2026-03-26T16:36:39.655Z] POST /api/testes/gerar-link
[2026-03-26T16:36:42.360Z] GET /api/testes/validar/rmse3zdo4e8m22vtlr1wtp
[2026-03-26T16:36:42.363Z] GET /api/testes/validar/rmse3zdo4e8m22vtlr1wtp
[2026-03-26T16:37:06.671Z] POST /api/testes/submeter
[2026-03-26T16:37:10.180Z] GET /api/pacientes?search=&status=ativo
[2026-03-26T16:37:10.182Z] GET /api/pacientes?search=&status=ativo
[2026-03-26T16:37:11.439Z] GET /api/pacientes/5
[2026-03-26T16:37:11.439Z] GET /api/pacientes/5
[2026-03-26T16:37:11.441Z] GET /api/anamneses/5
[2026-03-26T16:37:11.442Z] GET /api/documentos/5
[2026-03-26T16:37:11.442Z] GET /api/declaracoes/5
[2026-03-26T16:37:11.444Z] GET /api/pacientes/5
[2026-03-26T16:37:11.444Z] GET /api/pacientes/5
[2026-03-26T16:37:11.446Z] GET /api/anamneses/5
[2026-03-26T16:37:11.447Z] GET /api/documentos/5
[2026-03-26T16:37:11.448Z] GET /api/declaracoes/5
[2026-03-26T16:38:22.377Z] Iniciando servidor...
[2026-03-26T16:38:35.011Z] GET /
[2026-03-26T16:38:35.030Z] GET /assets/index-DOB1qANb.js
[2026-03-26T16:38:35.032Z] GET /assets/index-CSaGa8j6.css
[2026-03-26T16:38:35.166Z] GET /api/pacientes
[2026-03-26T16:38:35.170Z] GET /api/financeiro
[2026-03-26T16:38:35.171Z] GET /api/dashboard/aniversariantes
[2026-03-26T16:40:00.446Z] GET /api/pacientes/5
[2026-03-26T16:40:00.446Z] GET /api/pacientes/5
[2026-03-26T16:40:00.448Z] GET /api/anamneses/5
[2026-03-26T16:40:00.448Z] GET /api/documentos/5
[2026-03-26T16:40:00.449Z] GET /api/declaracoes/5
[2026-03-26T16:40:00.451Z] GET /api/pacientes/5
[2026-03-26T16:40:00.452Z] GET /api/pacientes/5
[2026-03-26T16:40:00.453Z] GET /api/anamneses/5
[2026-03-26T16:40:00.454Z] GET /api/documentos/5
[2026-03-26T16:40:00.457Z] GET /api/declaracoes/5
[2026-03-26T16:40:04.150Z] GET /api/pacientes/5
[2026-03-26T16:40:04.150Z] GET /api/pacientes/5
[2026-03-26T16:40:04.151Z] GET /api/anamneses/5
[2026-03-26T16:40:04.152Z] GET /api/documentos/5
[2026-03-26T16:40:04.153Z] GET /api/declaracoes/5
[2026-03-26T16:40:04.155Z] GET /api/pacientes/5
[2026-03-26T16:40:04.155Z] GET /api/pacientes/5
[2026-03-26T16:40:04.156Z] GET /api/anamneses/5
[2026-03-26T16:40:04.157Z] GET /api/documentos/5
[2026-03-26T16:40:04.159Z] GET /api/declaracoes/5
[2026-03-26T16:40:30.921Z] GET /api/pacientes?status=ativo
[2026-03-26T16:40:30.925Z] GET /api/pacientes?status=ativo
[2026-03-26T16:40:34.167Z] POST /api/testes/gerar-link
[2026-03-26T16:40:37.437Z] GET /api/testes/validar/4byu77e7luwo49f8xcbod
[2026-03-26T16:40:37.440Z] GET /api/testes/validar/4byu77e7luwo49f8xcbod
[2026-03-26T16:41:48.009Z] POST /api/testes/submeter
[2026-03-26T16:41:51.583Z] GET /api/pacientes?search=&status=ativo
[2026-03-26T16:41:51.586Z] GET /api/pacientes?search=&status=ativo
[2026-03-26T16:41:52.999Z] GET /api/pacientes?search=j&status=ativo
[2026-03-26T16:41:54.580Z] GET /api/pacientes?search=j%C3%A3&status=ativo
[2026-03-26T16:41:55.993Z] GET /api/pacientes/4
[2026-03-26T16:41:55.993Z] GET /api/pacientes/4
[2026-03-26T16:41:55.994Z] GET /api/anamneses/4
[2026-03-26T16:41:55.995Z] GET /api/documentos/4
[2026-03-26T16:41:55.995Z] GET /api/declaracoes/4
[2026-03-26T16:41:55.997Z] GET /api/pacientes/4
[2026-03-26T16:41:55.997Z] GET /api/pacientes/4
[2026-03-26T16:41:55.998Z] GET /api/anamneses/4
[2026-03-26T16:41:56.000Z] GET /api/documentos/4
[2026-03-26T16:41:56.000Z] GET /api/declaracoes/4
[2026-03-26T16:43:50.859Z] GET /api/pacientes/4
[2026-03-26T16:43:50.859Z] GET /api/pacientes/4
[2026-03-26T16:43:50.860Z] GET /api/anamneses/4
[2026-03-26T16:43:50.861Z] GET /api/declaracoes/4
[2026-03-26T16:43:50.861Z] GET /api/documentos/4
[2026-03-26T16:43:50.864Z] GET /api/pacientes/4
[2026-03-26T16:43:50.864Z] GET /api/pacientes/4
[2026-03-26T16:43:50.866Z] GET /api/anamneses/4
[2026-03-26T16:43:50.867Z] GET /api/declaracoes/4
[2026-03-26T16:43:50.868Z] GET /api/documentos/4
[2026-03-26T16:43:52.108Z] GET /api/pacientes?status=ativo
[2026-03-26T16:43:52.110Z] GET /api/pacientes?status=ativo
[2026-03-26T16:43:55.894Z] POST /api/testes/gerar-link
[2026-03-26T16:43:58.827Z] GET /api/testes/validar/58rxg949v2u6un32kflf3f
[2026-03-26T16:43:58.830Z] GET /api/testes/validar/58rxg949v2u6un32kflf3f
[2026-03-26T16:45:03.464Z] POST /api/testes/submeter
[2026-03-26T16:45:09.565Z] GET /api/pacientes?search=&status=ativo
[2026-03-26T16:45:09.568Z] GET /api/pacientes?search=&status=ativo
[2026-03-26T16:45:11.060Z] GET /api/pacientes?search=j&status=ativo
[2026-03-26T16:45:11.580Z] GET /api/pacientes?search=j%C3%A3&status=ativo
[2026-03-26T16:45:11.673Z] GET /api/pacientes?search=j%C3%A3o&status=ativo
[2026-03-26T16:45:13.113Z] GET /api/pacientes/4
[2026-03-26T16:45:13.114Z] GET /api/pacientes/4
[2026-03-26T16:45:13.115Z] GET /api/anamneses/4
[2026-03-26T16:45:13.115Z] GET /api/documentos/4
[2026-03-26T16:45:13.116Z] GET /api/declaracoes/4
[2026-03-26T16:45:13.118Z] GET /api/pacientes/4
[2026-03-26T16:45:13.118Z] GET /api/pacientes/4
[2026-03-26T16:45:13.119Z] GET /api/anamneses/4
[2026-03-26T16:45:13.120Z] GET /api/documentos/4
[2026-03-26T16:45:13.121Z] GET /api/declaracoes/4
[2026-03-26T16:45:29.743Z] GET /api/financeiro
[2026-03-26T16:45:29.744Z] GET /api/pacientes
[2026-03-26T16:45:29.744Z] GET /api/dashboard/aniversariantes
[2026-03-26T16:45:29.747Z] GET /api/financeiro
[2026-03-26T16:45:29.748Z] GET /api/pacientes
[2026-03-26T16:45:29.749Z] GET /api/dashboard/aniversariantes
[2026-03-26T16:47:20.795Z] Iniciando servidor...
[2026-03-26T16:48:19.058Z] GET /api/pacientes
[2026-03-26T16:48:19.065Z] GET /api/financeiro
[2026-03-26T16:48:19.067Z] GET /api/dashboard/aniversariantes
[2026-03-26T16:48:19.070Z] GET /api/pacientes
[2026-03-26T16:48:19.071Z] GET /api/financeiro
[2026-03-26T16:48:19.072Z] GET /api/dashboard/aniversariantes
[2026-03-26T16:48:20.512Z] GET /api/pacientes/5
[2026-03-26T16:48:20.513Z] GET /api/pacientes/5
[2026-03-26T16:48:20.514Z] GET /api/anamneses/5
[2026-03-26T16:48:20.515Z] GET /api/documentos/5
[2026-03-26T16:48:20.517Z] GET /api/declaracoes/5
[2026-03-26T16:48:20.518Z] GET /api/pacientes/5
[2026-03-26T16:48:20.519Z] GET /api/pacientes/5
[2026-03-26T16:48:20.521Z] GET /api/anamneses/5
[2026-03-26T16:48:20.524Z] GET /api/documentos/5
[2026-03-26T16:48:20.526Z] GET /api/declaracoes/5
[2026-03-26T16:48:31.087Z] GET /api/pacientes?search=&status=ativo
[2026-03-26T16:48:31.090Z] GET /api/pacientes?search=&status=ativo
[2026-03-26T16:48:37.818Z] GET /api/pacientes?status=ativo
[2026-03-26T16:48:37.822Z] GET /api/pacientes?status=ativo
[2026-03-26T16:48:42.167Z] POST /api/testes/gerar-link
[2026-03-26T16:48:44.688Z] GET /api/testes/validar/d4xc7xmbz6i16fvmrrshd
[2026-03-26T16:48:44.690Z] GET /api/testes/validar/d4xc7xmbz6i16fvmrrshd
[2026-03-26T16:49:40.664Z] POST /api/testes/submeter
[2026-03-26T16:49:44.054Z] GET /api/pacientes?search=&status=ativo
[2026-03-26T16:49:44.057Z] GET /api/pacientes?search=&status=ativo
[2026-03-26T16:49:47.230Z] GET /api/pacientes?search=t&status=ativo
[2026-03-26T16:49:47.298Z] GET /api/pacientes?search=te&status=ativo
[2026-03-26T16:49:47.474Z] GET /api/pacientes?search=tes&status=ativo
[2026-03-26T16:49:47.537Z] GET /api/pacientes?search=test&status=ativo
[2026-03-26T16:49:49.320Z] GET /api/pacientes/3
[2026-03-26T16:49:49.321Z] GET /api/pacientes/3
[2026-03-26T16:49:49.322Z] GET /api/anamneses/3
[2026-03-26T16:49:49.322Z] GET /api/declaracoes/3
[2026-03-26T16:49:49.323Z] GET /api/documentos/3
[2026-03-26T16:49:49.324Z] GET /api/pacientes/3
[2026-03-26T16:49:49.325Z] GET /api/pacientes/3
[2026-03-26T16:49:49.326Z] GET /api/anamneses/3
[2026-03-26T16:49:49.327Z] GET /api/declaracoes/3
[2026-03-26T16:49:49.328Z] GET /api/documentos/3
[2026-03-26T16:52:11.038Z] Iniciando servidor...
[2026-03-26T16:55:50.379Z] GET /api/pacientes/5
[2026-03-26T16:55:50.383Z] GET /api/pacientes/5
[2026-03-26T16:55:50.386Z] GET /api/anamneses/5
[2026-03-26T16:55:50.387Z] GET /api/documentos/5
[2026-03-26T16:55:50.388Z] GET /api/declaracoes/5
[2026-03-26T16:55:50.390Z] GET /api/pacientes/5
[2026-03-26T16:55:50.391Z] GET /api/pacientes/5
[2026-03-26T16:55:50.392Z] GET /api/anamneses/5
[2026-03-26T16:55:50.393Z] GET /api/documentos/5
[2026-03-26T16:55:50.394Z] GET /api/declaracoes/5
[2026-03-26T16:55:55.844Z] GET /api/pacientes
[2026-03-26T16:55:55.846Z] GET /api/financeiro
[2026-03-26T16:55:55.847Z] GET /api/dashboard/aniversariantes
[2026-03-26T16:55:55.848Z] GET /api/pacientes
[2026-03-26T16:55:55.850Z] GET /api/financeiro
[2026-03-26T16:55:55.851Z] GET /api/dashboard/aniversariantes
[2026-03-26T16:55:57.464Z] GET /api/pacientes?search=&status=ativo
[2026-03-26T16:55:57.466Z] GET /api/pacientes?search=&status=ativo
[2026-03-26T16:58:47.847Z] GET /api/pacientes/6
[2026-03-26T16:58:47.848Z] GET /api/pacientes/6
[2026-03-26T16:58:47.849Z] GET /api/anamneses/6
[2026-03-26T16:58:47.849Z] GET /api/documentos/6
[2026-03-26T16:58:47.850Z] GET /api/declaracoes/6
[2026-03-26T16:58:47.852Z] GET /api/pacientes/6
[2026-03-26T16:58:47.852Z] GET /api/pacientes/6
[2026-03-26T16:58:47.854Z] GET /api/anamneses/6
[2026-03-26T16:58:47.855Z] GET /api/documentos/6
[2026-03-26T16:58:47.856Z] GET /api/declaracoes/6
[2026-03-26T16:58:51.884Z] POST /api/documentos/upload
[2026-03-26T16:58:51.897Z] GET /api/pacientes/6
[2026-03-26T16:58:51.897Z] GET /api/pacientes/6
[2026-03-26T16:58:51.898Z] GET /api/anamneses/6
[2026-03-26T16:58:51.899Z] GET /api/declaracoes/6
[2026-03-26T16:58:51.900Z] GET /api/documentos/6
[2026-03-26T16:58:55.206Z] GET /uploads/1774544331888-topbar.png
[2026-03-26T16:58:59.959Z] POST /api/documentos/upload
[2026-03-26T16:59:00.009Z] GET /api/pacientes/6
[2026-03-26T16:59:00.009Z] GET /api/pacientes/6
[2026-03-26T16:59:00.010Z] GET /api/anamneses/6
[2026-03-26T16:59:00.011Z] GET /api/documentos/6
[2026-03-26T16:59:00.012Z] GET /api/declaracoes/6
[2026-03-26T16:59:04.032Z] GET /uploads/1774544339959-ebook_146d48c0-30d7-436a-aa55-e37290aff452.pdf
[2026-03-26T16:59:29.921Z] POST /api/documentos/upload
[2026-03-26T16:59:29.930Z] GET /api/pacientes/6
[2026-03-26T16:59:29.931Z] GET /api/pacientes/6
[2026-03-26T16:59:29.931Z] GET /api/anamneses/6
[2026-03-26T16:59:29.932Z] GET /api/documentos/6
[2026-03-26T16:59:29.933Z] GET /api/declaracoes/6
[2026-03-26T16:59:33.209Z] POST /api/documentos/upload
[2026-03-26T16:59:33.217Z] GET /api/pacientes/6
[2026-03-26T16:59:33.217Z] GET /api/pacientes/6
[2026-03-26T16:59:33.219Z] GET /api/anamneses/6
[2026-03-26T16:59:33.220Z] GET /api/documentos/6
[2026-03-26T16:59:33.220Z] GET /api/declaracoes/6
[2026-03-26T16:59:42.485Z] POST /api/documentos/upload
[2026-03-26T16:59:42.501Z] GET /api/pacientes/6
[2026-03-26T16:59:42.501Z] GET /api/pacientes/6
[2026-03-26T16:59:42.502Z] GET /api/anamneses/6
[2026-03-26T16:59:42.503Z] GET /api/documentos/6
[2026-03-26T16:59:42.504Z] GET /api/declaracoes/6
[2026-03-26T16:59:47.843Z] GET /uploads/1774544373210-02.png
[2026-03-26T17:12:18.520Z] GET /api/pacientes?search=&status=ativo
[2026-03-26T17:12:18.524Z] GET /api/pacientes?search=&status=ativo
[2026-03-26T17:12:20.313Z] GET /api/pacientes
[2026-03-26T17:12:20.314Z] GET /api/financeiro
[2026-03-26T17:12:20.315Z] GET /api/dashboard/aniversariantes
[2026-03-26T17:12:20.318Z] GET /api/pacientes
[2026-03-26T17:12:20.319Z] GET /api/financeiro
[2026-03-26T17:12:20.320Z] GET /api/dashboard/aniversariantes
[2026-03-26T17:12:23.589Z] OPTIONS /api/financeiro
[2026-03-26T17:12:23.590Z] OPTIONS /api/financeiro
[2026-03-26T17:12:23.591Z] GET /api/financeiro
[2026-03-26T17:12:23.592Z] GET /api/financeiro
[2026-03-26T17:12:30.201Z] GET /api/pacientes
[2026-03-26T17:12:30.202Z] GET /api/financeiro
[2026-03-26T17:12:30.205Z] GET /api/pacientes
[2026-03-26T17:12:30.206Z] GET /api/financeiro
[2026-03-26T17:14:21.273Z] Iniciando servidor...
[2026-03-26T17:14:55.965Z] GET /
[2026-03-26T17:14:55.981Z] GET /style.css
[2026-03-26T17:14:56.277Z] GET /favicon.ico
[2026-03-26T17:14:57.862Z] GET /admin-frontend/dist/index.html
[2026-03-26T17:14:57.879Z] GET /admin-frontend/dist/assets/index-DOB1qANb.js
[2026-03-26T17:14:57.887Z] GET /admin-frontend/dist/assets/index-CSaGa8j6.css
[2026-03-26T17:14:57.942Z] GET /api/pacientes
[2026-03-26T17:14:57.945Z] GET /api/financeiro
[2026-03-26T17:14:57.946Z] GET /api/dashboard/aniversariantes
[2026-03-26T17:18:00.135Z] Iniciando servidor...
[2026-03-26T17:18:04.567Z] GET /admin-frontend/dist/index.html
[2026-03-26T17:18:04.589Z] GET /admin-frontend/dist/assets/index-DOB1qANb.js
[2026-03-26T17:18:04.591Z] GET /admin-frontend/dist/assets/index-CSaGa8j6.css
[2026-03-26T17:18:04.623Z] GET /admin-frontend/dist/favicon.svg
[2026-03-26T17:18:05.356Z] GET /admin-frontend/dist/index.html
[2026-03-26T17:18:05.369Z] GET /admin-frontend/dist/assets/index-CSaGa8j6.css
[2026-03-26T17:18:05.370Z] GET /admin-frontend/dist/assets/index-DOB1qANb.js
[2026-03-26T17:18:05.395Z] GET /admin-frontend/dist/favicon.svg
[2026-03-26T17:18:14.531Z] GET /admin-frontend/dist/index.html
[2026-03-26T17:18:14.554Z] GET /admin-frontend/dist/assets/index-DOB1qANb.js
[2026-03-26T17:18:14.556Z] GET /admin-frontend/dist/assets/index-CSaGa8j6.css
[2026-03-26T17:18:14.576Z] GET /admin-frontend/dist/favicon.svg
[2026-03-26T17:18:15.345Z] GET /admin-frontend/dist/index.html
[2026-03-26T17:18:15.361Z] GET /admin-frontend/dist/assets/index-DOB1qANb.js
[2026-03-26T17:18:15.361Z] GET /admin-frontend/dist/assets/index-CSaGa8j6.css
[2026-03-26T17:18:15.388Z] GET /admin-frontend/dist/favicon.svg
[2026-03-26T17:18:15.676Z] GET /admin-frontend/dist/index.html
[2026-03-26T17:18:15.690Z] GET /admin-frontend/dist/assets/index-DOB1qANb.js
[2026-03-26T17:18:15.692Z] GET /admin-frontend/dist/assets/index-CSaGa8j6.css
[2026-03-26T17:18:15.717Z] GET /admin-frontend/dist/favicon.svg
[2026-03-26T17:18:15.833Z] GET /admin-frontend/dist/index.html
[2026-03-26T17:18:15.849Z] GET /admin-frontend/dist/assets/index-DOB1qANb.js
[2026-03-26T17:18:15.849Z] GET /admin-frontend/dist/assets/index-CSaGa8j6.css
[2026-03-26T17:18:15.881Z] GET /admin-frontend/dist/favicon.svg
[2026-03-26T17:18:16.001Z] GET /admin-frontend/dist/index.html
[2026-03-26T17:18:16.017Z] GET /admin-frontend/dist/assets/index-CSaGa8j6.css
[2026-03-26T17:18:16.018Z] GET /admin-frontend/dist/assets/index-DOB1qANb.js
[2026-03-26T17:18:16.045Z] GET /admin-frontend/dist/favicon.svg
[2026-03-26T17:18:16.169Z] GET /admin-frontend/dist/index.html
[2026-03-26T17:18:16.186Z] GET /admin-frontend/dist/assets/index-DOB1qANb.js
[2026-03-26T17:18:16.186Z] GET /admin-frontend/dist/assets/index-CSaGa8j6.css
[2026-03-26T17:18:16.214Z] GET /admin-frontend/dist/favicon.svg
[2026-03-26T17:18:16.361Z] GET /admin-frontend/dist/index.html
[2026-03-26T17:18:16.386Z] GET /admin-frontend/dist/assets/index-DOB1qANb.js
[2026-03-26T17:18:16.388Z] GET /admin-frontend/dist/assets/index-CSaGa8j6.css
[2026-03-26T17:18:16.403Z] GET /admin-frontend/dist/favicon.svg
[2026-03-26T17:22:03.065Z] Iniciando servidor...
[2026-03-26T17:22:06.072Z] GET /admin-frontend/dist/index.html
[2026-03-26T17:22:06.097Z] GET /admin-frontend/dist/assets/index-D7MCmDGy.js
[2026-03-26T17:22:06.098Z] GET /admin-frontend/dist/assets/index-BIx6dCCu.css
[2026-03-26T17:22:06.202Z] GET /admin-frontend/dist/favicon.svg
[2026-03-26T17:22:14.656Z] POST /api/auth/login
[2026-03-26T17:22:14.740Z] GET /api/pacientes
[2026-03-26T17:22:14.743Z] GET /api/dashboard/aniversariantes
[2026-03-26T17:22:14.744Z] GET /api/financeiro
